<?xml version="1.0" encoding="UTF-8"?>
<!-- Generated by org.testng.reporters.JUnitXMLReporter -->
<testsuite ignored="0" hostname="DESKTOP-9349TGQ" failures="0" tests="5" name="Test" time="132.6" errors="0" timestamp="2024-08-12T10:01:54 IST">
  <testcase classname="testNgImplementationWithAssert.copy.CreateEventTest" name="createEventTest" time="21.887"/>
  <testcase classname="testNgImplementationWithAssert.copy.CreateOrgWithTypeAndIndustryTest" name="createOrgWithTypeAndIndustryTest" time="21.918"/>
  <testcase classname="testNgImplementationWithAssert.copy.CreateAndDuplicateLeadTest" name="createAndDuplicateLeadTest" time="12.947"/>
  <testcase classname="testNgImplementationWithAssert.copy.CreateContactWithExistingOrgTest" name="createContact" time="12.649"/>
  <testcase classname="testNgImplementationWithAssert.copy.CreateOrganizationTest" name="createOrgTest" time="10.087"/>
</testsuite> <!-- Test -->
